<?xml version="1.0" encoding="UTF-8"?>
<!-- Generated by org.testng.reporters.JUnitReportReporter -->
<testsuite hostname="SL-HAJMERA" name="runners.OpportunityRunner_2" tests="1" failures="0" timestamp="18 Dec 2019 15:14:03 GMT" time="121.034" errors="0">
  <testcase name="feature" time="121.034" classname="runners.OpportunityRunner_2"/>
</testsuite> <!-- runners.OpportunityRunner_2 -->
